<?xml version="1.0" encoding="UTF-8"?>
<!-- Generated by org.testng.reporters.JUnitReportReporter -->
<testsuite skipped="0" hostname="CSLH1613" name="testCases.CommonCase" tests="1" failures="0" timestamp="2020-10-17T16:44:28 IST" time="69.797" errors="0">
  <testcase name="allCases" time="69.797" classname="testCases.CommonCase"/>
  <system-out/>
</testsuite> <!-- testCases.CommonCase -->
